"Reference Handler" Id=2 in RUNNABLE
 Total blocked: 941   Total waited: 0
  java.base@11.0.28/java.lang.ref.Reference.waitForReferencePendingList(Native Method)
  java.base@11.0.28/java.lang.ref.Reference.processPendingReferences(Unknown Source)
  java.base@11.0.28/java.lang.ref.Reference$ReferenceHandler.run(Unknown Source)

"Finalizer" Id=3 in WAITING on lock=java.lang.ref.ReferenceQueue$Lock@523a1b1
 Total blocked: 135148   Total waited: 20297
  java.base@11.0.28/java.lang.Object.wait(Native Method)
  java.base@11.0.28/java.lang.ref.ReferenceQueue.remove(Unknown Source)
  java.base@11.0.28/java.lang.ref.ReferenceQueue.remove(Unknown Source)
  java.base@11.0.28/java.lang.ref.Finalizer$FinalizerThread.run(Unknown Source)

"Signal Dispatcher" Id=4 in RUNNABLE
 Total blocked: 0   Total waited: 0

"Common-Cleaner" Id=10 in TIMED_WAITING on lock=java.lang.ref.ReferenceQueue$Lock@6f99dea0
 Total blocked: 2438   Total waited: 9873
  java.base@11.0.28/java.lang.Object.wait(Native Method)
  java.base@11.0.28/java.lang.ref.ReferenceQueue.remove(Unknown Source)
  java.base@11.0.28/jdk.internal.ref.CleanerImpl.run(Unknown Source)
  java.base@11.0.28/java.lang.Thread.run(Unknown Source)
  java.base@11.0.28/jdk.internal.misc.InnocuousThread.run(Unknown Source)

"BC FIPS Entropy Daemon" Id=12 in TIMED_WAITING
 Total blocked: 0   Total waited: 101198
  java.base@11.0.28/java.lang.Thread.sleep(Native Method)
  app//org.bouncycastle.jcajce.provider.BouncyCastleFipsProvider$HybridEntropySource$EntropyGatherer.sleep(Unknown Source)
  app//org.bouncycastle.jcajce.provider.BouncyCastleFipsProvider$HybridEntropySource$EntropyGatherer.run(Unknown Source)
  app//org.bouncycastle.jcajce.provider.BouncyCastleFipsProvider$EntropyDaemon.run(Unknown Source)
  java.base@11.0.28/java.lang.Thread.run(Unknown Source)

"RMI TCP Accept-0" Id=13 in RUNNABLE (running in native)
 Total blocked: 0   Total waited: 0
  java.base@11.0.28/java.net.PlainSocketImpl.socketAccept(Native Method)
  java.base@11.0.28/java.net.AbstractPlainSocketImpl.accept(Unknown Source)
  java.base@11.0.28/java.net.ServerSocket.implAccept(Unknown Source)
  java.base@11.0.28/java.net.ServerSocket.accept(Unknown Source)
  jdk.management.agent@11.0.28/sun.management.jmxremote.ConnectorBootstrap$SslServerSocket.accept(Unknown Source)
  java.rmi@11.0.28/sun.rmi.transport.tcp.TCPTransport$AcceptLoop.executeAcceptLoop(Unknown Source)
  java.rmi@11.0.28/sun.rmi.transport.tcp.TCPTransport$AcceptLoop.run(Unknown Source)
  java.base@11.0.28/java.lang.Thread.run(Unknown Source)

"RMI TCP Accept-9005" Id=14 in RUNNABLE (running in native)
 Total blocked: 0   Total waited: 0
  java.base@11.0.28/java.net.PlainSocketImpl.socketAccept(Native Method)
  java.base@11.0.28/java.net.AbstractPlainSocketImpl.accept(Unknown Source)
  java.base@11.0.28/java.net.ServerSocket.implAccept(Unknown Source)
  java.base@11.0.28/java.net.ServerSocket.accept(Unknown Source)
  java.rmi@11.0.28/sun.rmi.transport.tcp.TCPTransport$AcceptLoop.executeAcceptLoop(Unknown Source)
  java.rmi@11.0.28/sun.rmi.transport.tcp.TCPTransport$AcceptLoop.run(Unknown Source)
  java.base@11.0.28/java.lang.Thread.run(Unknown Source)

"RMI TCP Accept-0" Id=15 in RUNNABLE (running in native)
 Total blocked: 0   Total waited: 0
  java.base@11.0.28/java.net.PlainSocketImpl.socketAccept(Native Method)
  java.base@11.0.28/java.net.AbstractPlainSocketImpl.accept(Unknown Source)
  java.base@11.0.28/java.net.ServerSocket.implAccept(Unknown Source)
  java.base@11.0.28/java.net.ServerSocket.accept(Unknown Source)
  jdk.management.agent@11.0.28/sun.management.jmxremote.LocalRMIServerSocketFactory$1.accept(Unknown Source)
  java.rmi@11.0.28/sun.rmi.transport.tcp.TCPTransport$AcceptLoop.executeAcceptLoop(Unknown Source)
  java.rmi@11.0.28/sun.rmi.transport.tcp.TCPTransport$AcceptLoop.run(Unknown Source)
  java.base@11.0.28/java.lang.Thread.run(Unknown Source)

"Wrapper-Control-Event-Monitor" Id=19 in TIMED_WAITING
 Total blocked: 2   Total waited: 5053686
  java.base@11.0.28/java.lang.Thread.sleep(Native Method)
  app//org.tanukisoftware.wrapper.WrapperManager$3.run(WrapperManager.java:1018)

"Wrapper-Connection" Id=21 in RUNNABLE (running in native)
 Total blocked: 0   Total waited: 0
  java.base@11.0.28/java.net.SocketInputStream.socketRead0(Native Method)
  java.base@11.0.28/java.net.SocketInputStream.socketRead(Unknown Source)
  java.base@11.0.28/java.net.SocketInputStream.read(Unknown Source)
  java.base@11.0.28/java.net.SocketInputStream.read(Unknown Source)
  java.base@11.0.28/java.net.SocketInputStream.read(Unknown Source)
  java.base@11.0.28/java.io.DataInputStream.readByte(Unknown Source)
  app//org.tanukisoftware.wrapper.WrapperManager.handleBackend(WrapperManager.java:5318)
  app//org.tanukisoftware.wrapper.WrapperManager.run(WrapperManager.java:5695)
  java.base@11.0.28/java.lang.Thread.run(Unknown Source)

"DestroyJavaVM" Id=22 in RUNNABLE
 Total blocked: 0   Total waited: 0

"Log4j2-TF-8-Scheduled-1" Id=24 in TIMED_WAITING on lock=java.util.concurrent.locks.AbstractQueuedSynchronizer$ConditionObject@5eb0dd78
 Total blocked: 0   Total waited: 8434
  java.base@11.0.28/jdk.internal.misc.Unsafe.park(Native Method)
  java.base@11.0.28/java.util.concurrent.locks.LockSupport.parkNanos(Unknown Source)
  java.base@11.0.28/java.util.concurrent.locks.AbstractQueuedSynchronizer$ConditionObject.awaitNanos(Unknown Source)
  java.base@11.0.28/java.util.concurrent.ScheduledThreadPoolExecutor$DelayedWorkQueue.take(Unknown Source)
  java.base@11.0.28/java.util.concurrent.ScheduledThreadPoolExecutor$DelayedWorkQueue.take(Unknown Source)
  java.base@11.0.28/java.util.concurrent.ThreadPoolExecutor.getTask(Unknown Source)
  java.base@11.0.28/java.util.concurrent.ThreadPoolExecutor.runWorker(Unknown Source)
  java.base@11.0.28/java.util.concurrent.ThreadPoolExecutor$Worker.run(Unknown Source)
  java.base@11.0.28/java.lang.Thread.run(Unknown Source)

"SystemFailure WatchDog" Id=28 in TIMED_WAITING on lock=java.lang.Object@45c4e59f
 Total blocked: 0   Total waited: 33734
  java.base@11.0.28/java.lang.Object.wait(Native Method)
  app//org.apache.geode.SystemFailure.runWatchDog(SystemFailure.java:375)
  app//org.apache.geode.SystemFailure$$Lambda$204/0x0000000840450440.run(Unknown Source)
  java.base@11.0.28/java.lang.Thread.run(Unknown Source)

"SystemFailure Proctor" Id=29 in TIMED_WAITING
 Total blocked: 0   Total waited: 505918
  java.base@11.0.28/java.lang.Thread.sleep(Native Method)
  app//org.apache.geode.SystemFailure.runProctor(SystemFailure.java:585)
  app//org.apache.geode.SystemFailure$$Lambda$205/0x0000000840450840.run(Unknown Source)
  java.base@11.0.28/java.lang.Thread.run(Unknown Source)

"ThreadsMonitor" Id=30 in TIMED_WAITING on lock=java.util.TaskQueue@5d72eabf
 Total blocked: 1   Total waited: 8435
  java.base@11.0.28/java.lang.Object.wait(Native Method)
  java.base@11.0.28/java.util.TimerThread.mainLoop(Unknown Source)
  java.base@11.0.28/java.util.TimerThread.run(Unknown Source)

"CallbackSampler1" Id=31 in TIMED_WAITING on lock=java.util.concurrent.locks.AbstractQueuedSynchronizer$ConditionObject@7cbf436f
 Total blocked: 0   Total waited: 33735
  java.base@11.0.28/jdk.internal.misc.Unsafe.park(Native Method)
  java.base@11.0.28/java.util.concurrent.locks.LockSupport.parkNanos(Unknown Source)
  java.base@11.0.28/java.util.concurrent.locks.AbstractQueuedSynchronizer$ConditionObject.awaitNanos(Unknown Source)
  java.base@11.0.28/java.util.concurrent.ScheduledThreadPoolExecutor$DelayedWorkQueue.take(Unknown Source)
  java.base@11.0.28/java.util.concurrent.ScheduledThreadPoolExecutor$DelayedWorkQueue.take(Unknown Source)
  java.base@11.0.28/java.util.concurrent.ThreadPoolExecutor.getTask(Unknown Source)
  java.base@11.0.28/java.util.concurrent.ThreadPoolExecutor.runWorker(Unknown Source)
  java.base@11.0.28/java.util.concurrent.ThreadPoolExecutor$Worker.run(Unknown Source)
  java.base@11.0.28/java.lang.Thread.run(Unknown Source)

"StatSampler" Id=32 in TIMED_WAITING on lock=org.apache.geode.internal.statistics.GemFireStatSampler@243c0a9d
 Total blocked: 0   Total waited: 66627
  java.base@11.0.28/java.lang.Object.wait(Native Method)
  app//org.apache.geode.internal.statistics.HostStatSampler.delay(HostStatSampler.java:534)
  app//org.apache.geode.internal.statistics.HostStatSampler.run(HostStatSampler.java:221)
  java.base@11.0.28/java.lang.Thread.run(Unknown Source)

"GlobalTXTimeoutMonitor" Id=33 in WAITING on lock=java.util.Collections$SynchronizedSortedSet@46b6eb98
 Total blocked: 0   Total waited: 1
  java.base@11.0.28/java.lang.Object.wait(Native Method)
  java.base@11.0.28/java.lang.Object.wait(Unknown Source)
  app//org.apache.geode.internal.jta.TransactionManagerImpl$TransactionTimeOutThread.run(TransactionManagerImpl.java:825)
  java.base@11.0.28/java.lang.Thread.run(Unknown Source)

"Timer-0" Id=34 in TIMED_WAITING on lock=java.util.TaskQueue@cdbc6e3
 Total blocked: 0   Total waited: 1687
  java.base@11.0.28/java.lang.Object.wait(Native Method)
  java.base@11.0.28/java.util.TimerThread.mainLoop(Unknown Source)
  java.base@11.0.28/java.util.TimerThread.run(Unknown Source)

"Replicate/Partition Region Garbage Collector" Id=35 in TIMED_WAITING on lock=org.apache.geode.internal.cache.TombstoneService$ReplicateTombstoneSweeper@af9482c
 Total blocked: 1   Total waited: 50600
  java.base@11.0.28/java.lang.Object.wait(Native Method)
  app//org.apache.geode.internal.cache.TombstoneService$TombstoneSweeper.doSleep(TombstoneService.java:1107)
  app//org.apache.geode.internal.cache.TombstoneService$TombstoneSweeper.run(TombstoneService.java:1073)
  java.base@11.0.28/java.lang.Thread.run(Unknown Source)

"Non-replicate Region Garbage Collector" Id=36 in TIMED_WAITING on lock=org.apache.geode.internal.cache.TombstoneService$NonReplicateTombstoneSweeper@4ed5c30c
 Total blocked: 0   Total waited: 50600
  java.base@11.0.28/java.lang.Object.wait(Native Method)
  app//org.apache.geode.internal.cache.TombstoneService$TombstoneSweeper.doSleep(TombstoneService.java:1107)
  app//org.apache.geode.internal.cache.TombstoneService$TombstoneSweeper.run(TombstoneService.java:1073)
  java.base@11.0.28/java.lang.Thread.run(Unknown Source)

"Timer-1" Id=37 in WAITING on lock=java.util.TaskQueue@3f4e0b65
 Total blocked: 0   Total waited: 1
  java.base@11.0.28/java.lang.Object.wait(Native Method)
  java.base@11.0.28/java.lang.Object.wait(Unknown Source)
  java.base@11.0.28/java.util.TimerThread.mainLoop(Unknown Source)
  java.base@11.0.28/java.util.TimerThread.run(Unknown Source)

"DiskStoreMonitor1" Id=38 in TIMED_WAITING on lock=java.util.concurrent.locks.AbstractQueuedSynchronizer$ConditionObject@6df03eb1
 Total blocked: 0   Total waited: 50600
  java.base@11.0.28/jdk.internal.misc.Unsafe.park(Native Method)
  java.base@11.0.28/java.util.concurrent.locks.LockSupport.parkNanos(Unknown Source)
  java.base@11.0.28/java.util.concurrent.locks.AbstractQueuedSynchronizer$ConditionObject.awaitNanos(Unknown Source)
  java.base@11.0.28/java.util.concurrent.ScheduledThreadPoolExecutor$DelayedWorkQueue.take(Unknown Source)
  java.base@11.0.28/java.util.concurrent.ScheduledThreadPoolExecutor$DelayedWorkQueue.take(Unknown Source)
  java.base@11.0.28/java.util.concurrent.ThreadPoolExecutor.getTask(Unknown Source)
  java.base@11.0.28/java.util.concurrent.ThreadPoolExecutor.runWorker(Unknown Source)
  java.base@11.0.28/java.util.concurrent.ThreadPoolExecutor$Worker.run(Unknown Source)
  java.base@11.0.28/java.lang.Thread.run(Unknown Source)

"file-watcher-tcserver.keystore-1" Id=39 in TIMED_WAITING on lock=java.util.concurrent.locks.AbstractQueuedSynchronizer$ConditionObject@2d88a30b
 Total blocked: 0   Total waited: 50602
  java.base@11.0.28/jdk.internal.misc.Unsafe.park(Native Method)
  java.base@11.0.28/java.util.concurrent.locks.LockSupport.parkNanos(Unknown Source)
  java.base@11.0.28/java.util.concurrent.locks.AbstractQueuedSynchronizer$ConditionObject.awaitNanos(Unknown Source)
  java.base@11.0.28/java.util.concurrent.ScheduledThreadPoolExecutor$DelayedWorkQueue.take(Unknown Source)
  java.base@11.0.28/java.util.concurrent.ScheduledThreadPoolExecutor$DelayedWorkQueue.take(Unknown Source)
  java.base@11.0.28/java.util.concurrent.ThreadPoolExecutor.getTask(Unknown Source)
  java.base@11.0.28/java.util.concurrent.ThreadPoolExecutor.runWorker(Unknown Source)
  java.base@11.0.28/java.util.concurrent.ThreadPoolExecutor$Worker.run(Unknown Source)
  java.base@11.0.28/java.lang.Thread.run(Unknown Source)

"file-watcher-tcserver.truststore-1" Id=40 in TIMED_WAITING on lock=java.util.concurrent.locks.AbstractQueuedSynchronizer$ConditionObject@4da5d815
 Total blocked: 0   Total waited: 50602
  java.base@11.0.28/jdk.internal.misc.Unsafe.park(Native Method)
  java.base@11.0.28/java.util.concurrent.locks.LockSupport.parkNanos(Unknown Source)
  java.base@11.0.28/java.util.concurrent.locks.AbstractQueuedSynchronizer$ConditionObject.awaitNanos(Unknown Source)
  java.base@11.0.28/java.util.concurrent.ScheduledThreadPoolExecutor$DelayedWorkQueue.take(Unknown Source)
  java.base@11.0.28/java.util.concurrent.ScheduledThreadPoolExecutor$DelayedWorkQueue.take(Unknown Source)
  java.base@11.0.28/java.util.concurrent.ThreadPoolExecutor.getTask(Unknown Source)
  java.base@11.0.28/java.util.concurrent.ThreadPoolExecutor.runWorker(Unknown Source)
  java.base@11.0.28/java.util.concurrent.ThreadPoolExecutor$Worker.run(Unknown Source)
  java.base@11.0.28/java.lang.Thread.run(Unknown Source)

"poolTimer-CollectorControllerPool-1" Id=41 in TIMED_WAITING on lock=java.util.concurrent.locks.AbstractQueuedSynchronizer$ConditionObject@2ffe7e7
 Total blocked: 0   Total waited: 5128440
  java.base@11.0.28/jdk.internal.misc.Unsafe.park(Native Method)
  java.base@11.0.28/java.util.concurrent.locks.LockSupport.parkNanos(Unknown Source)
  java.base@11.0.28/java.util.concurrent.locks.AbstractQueuedSynchronizer$ConditionObject.awaitNanos(Unknown Source)
  java.base@11.0.28/java.util.concurrent.ScheduledThreadPoolExecutor$DelayedWorkQueue.take(Unknown Source)
  java.base@11.0.28/java.util.concurrent.ScheduledThreadPoolExecutor$DelayedWorkQueue.take(Unknown Source)
  java.base@11.0.28/java.util.concurrent.ThreadPoolExecutor.getTask(Unknown Source)
  java.base@11.0.28/java.util.concurrent.ThreadPoolExecutor.runWorker(Unknown Source)
  java.base@11.0.28/java.util.concurrent.ThreadPoolExecutor$Worker.run(Unknown Source)
  java.base@11.0.28/java.lang.Thread.run(Unknown Source)

"queueTimer-CollectorControllerPool1" Id=45 in TIMED_WAITING on lock=java.util.concurrent.locks.AbstractQueuedSynchronizer$ConditionObject@6e1654bf
 Total blocked: 53   Total waited: 25126
  java.base@11.0.28/jdk.internal.misc.Unsafe.park(Native Method)
  java.base@11.0.28/java.util.concurrent.locks.LockSupport.parkNanos(Unknown Source)
  java.base@11.0.28/java.util.concurrent.locks.AbstractQueuedSynchronizer$ConditionObject.awaitNanos(Unknown Source)
  java.base@11.0.28/java.util.concurrent.ScheduledThreadPoolExecutor$DelayedWorkQueue.take(Unknown Source)
  java.base@11.0.28/java.util.concurrent.ScheduledThreadPoolExecutor$DelayedWorkQueue.take(Unknown Source)
  java.base@11.0.28/java.util.concurrent.ThreadPoolExecutor.getTask(Unknown Source)
  java.base@11.0.28/java.util.concurrent.ThreadPoolExecutor.runWorker(Unknown Source)
  java.base@11.0.28/java.util.concurrent.ThreadPoolExecutor$Worker.run(Unknown Source)
  java.base@11.0.28/java.lang.Thread.run(Unknown Source)

"poolTimer-CollectorAnalyticsPool-1" Id=46 in TIMED_WAITING on lock=java.util.concurrent.locks.AbstractQueuedSynchronizer$ConditionObject@66e228d
 Total blocked: 0   Total waited: 75913
  java.base@11.0.28/jdk.internal.misc.Unsafe.park(Native Method)
  java.base@11.0.28/java.util.concurrent.locks.LockSupport.parkNanos(Unknown Source)
  java.base@11.0.28/java.util.concurrent.locks.AbstractQueuedSynchronizer$ConditionObject.awaitNanos(Unknown Source)
  java.base@11.0.28/java.util.concurrent.ScheduledThreadPoolExecutor$DelayedWorkQueue.take(Unknown Source)
  java.base@11.0.28/java.util.concurrent.ScheduledThreadPoolExecutor$DelayedWorkQueue.take(Unknown Source)
  java.base@11.0.28/java.util.concurrent.ThreadPoolExecutor.getTask(Unknown Source)
  java.base@11.0.28/java.util.concurrent.ThreadPoolExecutor.runWorker(Unknown Source)
  java.base@11.0.28/java.util.concurrent.ThreadPoolExecutor$Worker.run(Unknown Source)
  java.base@11.0.28/java.lang.Thread.run(Unknown Source)

"task-executor-scheduler" Id=49 in TIMED_WAITING on lock=java.util.concurrent.locks.AbstractQueuedSynchronizer$ConditionObject@65683725
 Total blocked: 0   Total waited: 6
  java.base@11.0.28/jdk.internal.misc.Unsafe.park(Native Method)
  java.base@11.0.28/java.util.concurrent.locks.LockSupport.parkNanos(Unknown Source)
  java.base@11.0.28/java.util.concurrent.locks.AbstractQueuedSynchronizer$ConditionObject.awaitNanos(Unknown Source)
  java.base@11.0.28/java.util.concurrent.ScheduledThreadPoolExecutor$DelayedWorkQueue.take(Unknown Source)
  java.base@11.0.28/java.util.concurrent.ScheduledThreadPoolExecutor$DelayedWorkQueue.take(Unknown Source)
  java.base@11.0.28/java.util.concurrent.ThreadPoolExecutor.getTask(Unknown Source)
  java.base@11.0.28/java.util.concurrent.ThreadPoolExecutor.runWorker(Unknown Source)
  java.base@11.0.28/java.util.concurrent.ThreadPoolExecutor$Worker.run(Unknown Source)
  java.base@11.0.28/java.lang.Thread.run(Unknown Source)

"RMI TCP Accept-1100" Id=52 in RUNNABLE (running in native)
 Total blocked: 0   Total waited: 0
  java.base@11.0.28/java.net.PlainSocketImpl.socketAccept(Native Method)
  java.base@11.0.28/java.net.AbstractPlainSocketImpl.accept(Unknown Source)
  java.base@11.0.28/java.net.ServerSocket.implAccept(Unknown Source)
  java.base@11.0.28/java.net.ServerSocket.accept(Unknown Source)
  java.rmi@11.0.28/sun.rmi.transport.tcp.TCPTransport$AcceptLoop.executeAcceptLoop(Unknown Source)
  java.rmi@11.0.28/sun.rmi.transport.tcp.TCPTransport$AcceptLoop.run(Unknown Source)
  java.base@11.0.28/java.lang.Thread.run(Unknown Source)

"RMI Reaper" Id=53 in WAITING on lock=java.lang.ref.ReferenceQueue$Lock@185524b0
 Total blocked: 0   Total waited: 1
  java.base@11.0.28/java.lang.Object.wait(Native Method)
  java.base@11.0.28/java.lang.ref.ReferenceQueue.remove(Unknown Source)
  java.base@11.0.28/java.lang.ref.ReferenceQueue.remove(Unknown Source)
  java.rmi@11.0.28/sun.rmi.transport.ObjectTable$Reaper.run(Unknown Source)
  java.base@11.0.28/java.lang.Thread.run(Unknown Source)

"RMI GC Daemon" Id=54 in TIMED_WAITING on lock=sun.rmi.transport.GC$LatencyLock@44ba28a9
 Total blocked: 0   Total waited: 169
  java.base@11.0.28/java.lang.Object.wait(Native Method)
  java.rmi@11.0.28/sun.rmi.transport.GC$Daemon.run(Unknown Source)
  java.base@11.0.28/java.lang.Thread.run(Unknown Source)
  java.base@11.0.28/jdk.internal.misc.InnocuousThread.run(Unknown Source)

"StackTracer collector" Id=55 in RUNNABLE
 Total blocked: 0   Total waited: 8434
  java.management@11.0.28/sun.management.ThreadImpl.dumpThreads0(Native Method)
  java.management@11.0.28/sun.management.ThreadImpl.dumpAllThreads(Unknown Source)
  java.management@11.0.28/sun.management.ThreadImpl.dumpAllThreads(Unknown Source)
  app//com.integrien.alive.common.util.ThreadDumpHelper.getThreadInfos(ThreadDumpHelper.java:23)
  app//com.integrien.alive.common.util.StackTracer.doRun(StackTracer.java:330)
  app//com.integrien.alive.common.util.StackTracer.run(StackTracer.java:125)
  app//com.integrien.alive.common.util.BaseThread$BaseThreadRunnable.run(BaseThread.java:177)
  java.base@11.0.28/java.lang.Thread.run(Unknown Source)

"DataForwarder" Id=56 in TIMED_WAITING on lock=com.vmware.vcops.platform.common.DataForwarder@33b700f9
 Total blocked: 1696   Total waited: 101304
  java.base@11.0.28/java.lang.Object.wait(Native Method)
  app//com.integrien.alive.common.threadpool.DataSenderThread.run(DataSenderThread.java:58)
  app//com.integrien.alive.common.util.BaseThread$BaseThreadRunnable.run(BaseThread.java:177)
  java.base@11.0.28/java.lang.Thread.run(Unknown Source)

"Heartbeat" Id=51 in TIMED_WAITING on lock=java.util.concurrent.locks.AbstractQueuedSynchronizer$ConditionObject@1742d8b5
 Total blocked: 4   Total waited: 16866
  java.base@11.0.28/jdk.internal.misc.Unsafe.park(Native Method)
  java.base@11.0.28/java.util.concurrent.locks.LockSupport.parkNanos(Unknown Source)
  java.base@11.0.28/java.util.concurrent.locks.AbstractQueuedSynchronizer$ConditionObject.await(Unknown Source)
  app//com.integrien.alive.common.util.SyncEvent.waitForEvent(SyncEvent.java:117)
  app//com.integrien.alive.common.util.BaseThread$BaseThreadRunnable.waitForStopEvent(BaseThread.java:207)
  app//com.integrien.alive.common.util.BaseThread.waitForStopEvent(BaseThread.java:152)
  app//com.integrien.alive.collector.HeartbeatThread.run(HeartbeatThread.java:199)
  app//com.integrien.alive.common.util.BaseThread$BaseThreadRunnable.run(BaseThread.java:177)
  java.base@11.0.28/java.lang.Thread.run(Unknown Source)

"TasksManager-ReceivedTasksProcessor-1" Id=58 in TIMED_WAITING on lock=java.util.concurrent.locks.AbstractQueuedSynchronizer$ConditionObject@26031e49
 Total blocked: 1   Total waited: 103075
  java.base@11.0.28/jdk.internal.misc.Unsafe.park(Native Method)
  java.base@11.0.28/java.util.concurrent.locks.LockSupport.parkNanos(Unknown Source)
  java.base@11.0.28/java.util.concurrent.locks.AbstractQueuedSynchronizer$ConditionObject.awaitNanos(Unknown Source)
  java.base@11.0.28/java.util.concurrent.PriorityBlockingQueue.poll(Unknown Source)
  app//com.integrien.alive.common.communication.TasksManager$ReceivedTasksProcessor.waitForNextChunk(TasksManager.java:591)
  app//com.integrien.alive.common.communication.TasksManager$ReceivedTasksProcessor.run(TasksManager.java:502)
  java.base@11.0.28/java.util.concurrent.Executors$RunnableAdapter.call(Unknown Source)
  java.base@11.0.28/java.util.concurrent.FutureTask.run(Unknown Source)
  java.base@11.0.28/java.util.concurrent.ThreadPoolExecutor.runWorker(Unknown Source)
  java.base@11.0.28/java.util.concurrent.ThreadPoolExecutor$Worker.run(Unknown Source)
  java.base@11.0.28/java.lang.Thread.run(Unknown Source)

"TasksManager-ExpiredTaskCleaner-1" Id=59 in TIMED_WAITING on lock=java.util.concurrent.locks.AbstractQueuedSynchronizer$ConditionObject@33e99540
 Total blocked: 0   Total waited: 844
  java.base@11.0.28/jdk.internal.misc.Unsafe.park(Native Method)
  java.base@11.0.28/java.util.concurrent.locks.LockSupport.parkNanos(Unknown Source)
  java.base@11.0.28/java.util.concurrent.locks.AbstractQueuedSynchronizer$ConditionObject.awaitNanos(Unknown Source)
  java.base@11.0.28/java.util.concurrent.ScheduledThreadPoolExecutor$DelayedWorkQueue.take(Unknown Source)
  java.base@11.0.28/java.util.concurrent.ScheduledThreadPoolExecutor$DelayedWorkQueue.take(Unknown Source)
  java.base@11.0.28/java.util.concurrent.ThreadPoolExecutor.getTask(Unknown Source)
  java.base@11.0.28/java.util.concurrent.ThreadPoolExecutor.runWorker(Unknown Source)
  java.base@11.0.28/java.util.concurrent.ThreadPoolExecutor$Worker.run(Unknown Source)
  java.base@11.0.28/java.lang.Thread.run(Unknown Source)

"Adapter scheduler" Id=50 in TIMED_WAITING on lock=java.util.concurrent.locks.AbstractQueuedSynchronizer$ConditionObject@3852fb0c
 Total blocked: 0   Total waited: 505908
  java.base@11.0.28/jdk.internal.misc.Unsafe.park(Native Method)
  java.base@11.0.28/java.util.concurrent.locks.LockSupport.parkNanos(Unknown Source)
  java.base@11.0.28/java.util.concurrent.locks.AbstractQueuedSynchronizer$ConditionObject.await(Unknown Source)
  app//com.integrien.alive.common.util.SyncEvent.waitForEvent(SyncEvent.java:117)
  app//com.integrien.alive.common.util.BaseThread$BaseThreadRunnable.waitForStopEvent(BaseThread.java:207)
  app//com.integrien.alive.common.util.BaseThread.waitForStopEvent(BaseThread.java:152)
  app//com.integrien.alive.collector.WorkScheduler.run(WorkScheduler.java:86)
  app//com.integrien.alive.common.util.BaseThread$BaseThreadRunnable.run(BaseThread.java:177)
  java.base@11.0.28/java.lang.Thread.run(Unknown Source)

"ActionStatusThread" Id=25 in TIMED_WAITING
 Total blocked: 0   Total waited: 25301
  java.base@11.0.28/java.lang.Thread.sleep(Native Method)
  app//com.integrien.alive.collector.action.ActionStatusThread.run(ActionStatusThread.java:106)
  app//com.integrien.alive.common.util.BaseThread$BaseThreadRunnable.run(BaseThread.java:177)
  java.base@11.0.28/java.lang.Thread.run(Unknown Source)

"RMI Scheduler(0)" Id=61 in TIMED_WAITING on lock=java.util.concurrent.locks.AbstractQueuedSynchronizer$ConditionObject@39541bc3
 Total blocked: 0   Total waited: 50770
  java.base@11.0.28/jdk.internal.misc.Unsafe.park(Native Method)
  java.base@11.0.28/java.util.concurrent.locks.LockSupport.parkNanos(Unknown Source)
  java.base@11.0.28/java.util.concurrent.locks.AbstractQueuedSynchronizer$ConditionObject.awaitNanos(Unknown Source)
  java.base@11.0.28/java.util.concurrent.ScheduledThreadPoolExecutor$DelayedWorkQueue.take(Unknown Source)
  java.base@11.0.28/java.util.concurrent.ScheduledThreadPoolExecutor$DelayedWorkQueue.take(Unknown Source)
  java.base@11.0.28/java.util.concurrent.ThreadPoolExecutor.getTask(Unknown Source)
  java.base@11.0.28/java.util.concurrent.ThreadPoolExecutor.runWorker(Unknown Source)
  java.base@11.0.28/java.util.concurrent.ThreadPoolExecutor$Worker.run(Unknown Source)
  java.base@11.0.28/java.lang.Thread.run(Unknown Source)

"RMI RenewClean-[214.73.76.148:1100]" Id=62 in TIMED_WAITING on lock=java.lang.ref.ReferenceQueue$Lock@71bbbf6
 Total blocked: 0   Total waited: 3186
  java.base@11.0.28/java.lang.Object.wait(Native Method)
  java.base@11.0.28/java.lang.ref.ReferenceQueue.remove(Unknown Source)
  java.rmi@11.0.28/sun.rmi.transport.DGCClient$EndpointEntry$RenewCleanThread.run(Unknown Source)
  java.base@11.0.28/java.lang.Thread.run(Unknown Source)

"ClientMembership Event Invoker1" Id=84 in WAITING on lock=java.util.concurrent.locks.AbstractQueuedSynchronizer$ConditionObject@78a77dc0
 Total blocked: 0   Total waited: 2
  java.base@11.0.28/jdk.internal.misc.Unsafe.park(Native Method)
  java.base@11.0.28/java.util.concurrent.locks.LockSupport.park(Unknown Source)
  java.base@11.0.28/java.util.concurrent.locks.AbstractQueuedSynchronizer$ConditionObject.await(Unknown Source)
  java.base@11.0.28/java.util.concurrent.LinkedBlockingQueue.take(Unknown Source)
  java.base@11.0.28/java.util.concurrent.ThreadPoolExecutor.getTask(Unknown Source)
  java.base@11.0.28/java.util.concurrent.ThreadPoolExecutor.runWorker(Unknown Source)
  java.base@11.0.28/java.util.concurrent.ThreadPoolExecutor$Worker.run(Unknown Source)
  java.base@11.0.28/java.lang.Thread.run(Unknown Source)

"poolLoadConditioningMonitor-CollectorControllerPool1" Id=86 in TIMED_WAITING on lock=java.util.concurrent.locks.AbstractQueuedSynchronizer$ConditionObject@57026343
 Total blocked: 3   Total waited: 1742
  java.base@11.0.28/jdk.internal.misc.Unsafe.park(Native Method)
  java.base@11.0.28/java.util.concurrent.locks.LockSupport.parkNanos(Unknown Source)
  java.base@11.0.28/java.util.concurrent.locks.AbstractQueuedSynchronizer$ConditionObject.awaitNanos(Unknown Source)
  java.base@11.0.28/java.util.concurrent.ScheduledThreadPoolExecutor$DelayedWorkQueue.take(Unknown Source)
  java.base@11.0.28/java.util.concurrent.ScheduledThreadPoolExecutor$DelayedWorkQueue.take(Unknown Source)
  java.base@11.0.28/java.util.concurrent.ThreadPoolExecutor.getTask(Unknown Source)
  java.base@11.0.28/java.util.concurrent.ThreadPoolExecutor.runWorker(Unknown Source)
  java.base@11.0.28/java.util.concurrent.ThreadPoolExecutor$Worker.run(Unknown Source)
  java.base@11.0.28/java.lang.Thread.run(Unknown Source)

"poolLoadConditioningMonitor-CollectorAnalyticsPool1" Id=89 in TIMED_WAITING on lock=java.util.concurrent.locks.AbstractQueuedSynchronizer$ConditionObject@4e11e063
 Total blocked: 0   Total waited: 1654
  java.base@11.0.28/jdk.internal.misc.Unsafe.park(Native Method)
  java.base@11.0.28/java.util.concurrent.locks.LockSupport.parkNanos(Unknown Source)
  java.base@11.0.28/java.util.concurrent.locks.AbstractQueuedSynchronizer$ConditionObject.awaitNanos(Unknown Source)
  java.base@11.0.28/java.util.concurrent.ScheduledThreadPoolExecutor$DelayedWorkQueue.take(Unknown Source)
  java.base@11.0.28/java.util.concurrent.ScheduledThreadPoolExecutor$DelayedWorkQueue.take(Unknown Source)
  java.base@11.0.28/java.util.concurrent.ThreadPoolExecutor.getTask(Unknown Source)
  java.base@11.0.28/java.util.concurrent.ThreadPoolExecutor.runWorker(Unknown Source)
  java.base@11.0.28/java.util.concurrent.ThreadPoolExecutor$Worker.run(Unknown Source)
  java.base@11.0.28/java.lang.Thread.run(Unknown Source)

"Cache Client Updater Thread  on 214.73.76.148(vRealize Ops Analytics-6b281004-1325-4f5b-be20-3b5ffacd06c7:19269)<ec><v1>:10007 port 10000" Id=91 in RUNNABLE (running in native)
 Total blocked: 0   Total waited: 0
  java.base@11.0.28/java.net.SocketInputStream.socketRead0(Native Method)
  java.base@11.0.28/java.net.SocketInputStream.socketRead(Unknown Source)
  java.base@11.0.28/java.net.SocketInputStream.read(Unknown Source)
  java.base@11.0.28/java.net.SocketInputStream.read(Unknown Source)
  app//org.bouncycastle.tls.RecordStream$Record.fillTo(RecordStream.java:440)
  app//org.bouncycastle.tls.RecordStream$Record.readHeader(RecordStream.java:479)
  app//org.bouncycastle.tls.RecordStream.readRecord(RecordStream.java:214)
  app//org.bouncycastle.tls.TlsProtocol.safeReadRecord(TlsProtocol.java:875)
  app//org.bouncycastle.tls.TlsProtocol.readApplicationData(TlsProtocol.java:838)
  app//org.bouncycastle.jsse.provider.ProvSSLSocketWrap$AppDataInput.read(ProvSSLSocketWrap.java:809)
  app//org.apache.geode.internal.cache.tier.sockets.Message.fetchHeader(Message.java:831)
  app//org.apache.geode.internal.cache.tier.sockets.Message.readHeaderAndBody(Message.java:678)
  app//org.apache.geode.internal.cache.tier.sockets.Message.receiveWithHeaderReadTimeout(Message.java:1142)
  app//org.apache.geode.internal.cache.tier.sockets.CacheClientUpdater.processMessages(CacheClientUpdater.java:1610)
  app//org.apache.geode.internal.cache.tier.sockets.CacheClientUpdater.run(CacheClientUpdater.java:499)

"pool-3-thread-1" Id=108 in TIMED_WAITING on lock=java.util.concurrent.locks.AbstractQueuedSynchronizer$ConditionObject@148f365c
 Total blocked: 25   Total waited: 504658
  java.base@11.0.28/jdk.internal.misc.Unsafe.park(Native Method)
  java.base@11.0.28/java.util.concurrent.locks.LockSupport.parkNanos(Unknown Source)
  java.base@11.0.28/java.util.concurrent.locks.AbstractQueuedSynchronizer$ConditionObject.awaitNanos(Unknown Source)
  java.base@11.0.28/java.util.concurrent.ScheduledThreadPoolExecutor$DelayedWorkQueue.take(Unknown Source)
  java.base@11.0.28/java.util.concurrent.ScheduledThreadPoolExecutor$DelayedWorkQueue.take(Unknown Source)
  java.base@11.0.28/java.util.concurrent.ThreadPoolExecutor.getTask(Unknown Source)
  java.base@11.0.28/java.util.concurrent.ThreadPoolExecutor.runWorker(Unknown Source)
  java.base@11.0.28/java.util.concurrent.ThreadPoolExecutor$Worker.run(Unknown Source)
  java.base@11.0.28/java.lang.Thread.run(Unknown Source)

"Thread-4" Id=57 in TIMED_WAITING on lock=com.integrien.alive.collector.SyncUpTaskThread@57851070
 Total blocked: 1   Total waited: 1687
  java.base@11.0.28/java.lang.Object.wait(Native Method)
  app//com.integrien.alive.collector.SyncUpTaskThread.waitForCycle(SyncUpTaskThread.java:50)
  app//com.integrien.alive.collector.SyncUpTaskThread.run(SyncUpTaskThread.java:37)
  app//com.integrien.alive.common.util.BaseThread$BaseThreadRunnable.run(BaseThread.java:177)
  java.base@11.0.28/java.lang.Thread.run(Unknown Source)

"Collector worker thread 1" Id=127 in WAITING on lock=java.util.concurrent.locks.AbstractQueuedSynchronizer$ConditionObject@13d969b8
 Total blocked: 1030   Total waited: 5235
  java.base@11.0.28/jdk.internal.misc.Unsafe.park(Native Method)
  java.base@11.0.28/java.util.concurrent.locks.LockSupport.park(Unknown Source)
  java.base@11.0.28/java.util.concurrent.locks.AbstractQueuedSynchronizer$ConditionObject.await(Unknown Source)
  java.base@11.0.28/java.util.concurrent.LinkedBlockingQueue.take(Unknown Source)
  java.base@11.0.28/java.util.concurrent.ThreadPoolExecutor.getTask(Unknown Source)
  java.base@11.0.28/java.util.concurrent.ThreadPoolExecutor.runWorker(Unknown Source)
  java.base@11.0.28/java.util.concurrent.ThreadPoolExecutor$Worker.run(Unknown Source)
  java.base@11.0.28/java.lang.Thread.run(Unknown Source)

"Collector worker thread 2" Id=131 in WAITING on lock=java.util.concurrent.locks.AbstractQueuedSynchronizer$ConditionObject@13d969b8
 Total blocked: 1481   Total waited: 5010
  java.base@11.0.28/jdk.internal.misc.Unsafe.park(Native Method)
  java.base@11.0.28/java.util.concurrent.locks.LockSupport.park(Unknown Source)
  java.base@11.0.28/java.util.concurrent.locks.AbstractQueuedSynchronizer$ConditionObject.await(Unknown Source)
  java.base@11.0.28/java.util.concurrent.LinkedBlockingQueue.take(Unknown Source)
  java.base@11.0.28/java.util.concurrent.ThreadPoolExecutor.getTask(Unknown Source)
  java.base@11.0.28/java.util.concurrent.ThreadPoolExecutor.runWorker(Unknown Source)
  java.base@11.0.28/java.util.concurrent.ThreadPoolExecutor$Worker.run(Unknown Source)
  java.base@11.0.28/java.lang.Thread.run(Unknown Source)

"Collector worker thread 3" Id=132 in WAITING on lock=java.util.concurrent.locks.AbstractQueuedSynchronizer$ConditionObject@13d969b8
 Total blocked: 792   Total waited: 4568
  java.base@11.0.28/jdk.internal.misc.Unsafe.park(Native Method)
  java.base@11.0.28/java.util.concurrent.locks.LockSupport.park(Unknown Source)
  java.base@11.0.28/java.util.concurrent.locks.AbstractQueuedSynchronizer$ConditionObject.await(Unknown Source)
  java.base@11.0.28/java.util.concurrent.LinkedBlockingQueue.take(Unknown Source)
  java.base@11.0.28/java.util.concurrent.ThreadPoolExecutor.getTask(Unknown Source)
  java.base@11.0.28/java.util.concurrent.ThreadPoolExecutor.runWorker(Unknown Source)
  java.base@11.0.28/java.util.concurrent.ThreadPoolExecutor$Worker.run(Unknown Source)
  java.base@11.0.28/java.lang.Thread.run(Unknown Source)

"Collector worker thread 4" Id=133 in WAITING on lock=java.util.concurrent.locks.AbstractQueuedSynchronizer$ConditionObject@13d969b8
 Total blocked: 802   Total waited: 6003
  java.base@11.0.28/jdk.internal.misc.Unsafe.park(Native Method)
  java.base@11.0.28/java.util.concurrent.locks.LockSupport.park(Unknown Source)
  java.base@11.0.28/java.util.concurrent.locks.AbstractQueuedSynchronizer$ConditionObject.await(Unknown Source)
  java.base@11.0.28/java.util.concurrent.LinkedBlockingQueue.take(Unknown Source)
  java.base@11.0.28/java.util.concurrent.ThreadPoolExecutor.getTask(Unknown Source)
  java.base@11.0.28/java.util.concurrent.ThreadPoolExecutor.runWorker(Unknown Source)
  java.base@11.0.28/java.util.concurrent.ThreadPoolExecutor$Worker.run(Unknown Source)
  java.base@11.0.28/java.lang.Thread.run(Unknown Source)

"process reaper (pid 23936)" Id=134 in RUNNABLE (running in native)
 Total blocked: 0   Total waited: 1
  java.base@11.0.28/java.lang.ProcessHandleImpl.waitForProcessExit0(Native Method)
  java.base@11.0.28/java.lang.ProcessHandleImpl$1.run(Unknown Source)
  java.base@11.0.28/java.util.concurrent.ThreadPoolExecutor.runWorker(Unknown Source)
  java.base@11.0.28/java.util.concurrent.ThreadPoolExecutor$Worker.run(Unknown Source)
  java.base@11.0.28/java.lang.Thread.run(Unknown Source)

"Collector worker thread 5" Id=136 in WAITING on lock=java.util.concurrent.locks.AbstractQueuedSynchronizer$ConditionObject@13d969b8
 Total blocked: 1125   Total waited: 6206
  java.base@11.0.28/jdk.internal.misc.Unsafe.park(Native Method)
  java.base@11.0.28/java.util.concurrent.locks.LockSupport.park(Unknown Source)
  java.base@11.0.28/java.util.concurrent.locks.AbstractQueuedSynchronizer$ConditionObject.await(Unknown Source)
  java.base@11.0.28/java.util.concurrent.LinkedBlockingQueue.take(Unknown Source)
  java.base@11.0.28/java.util.concurrent.ThreadPoolExecutor.getTask(Unknown Source)
  java.base@11.0.28/java.util.concurrent.ThreadPoolExecutor.runWorker(Unknown Source)
  java.base@11.0.28/java.util.concurrent.ThreadPoolExecutor$Worker.run(Unknown Source)
  java.base@11.0.28/java.lang.Thread.run(Unknown Source)

"Thread-6" Id=141 in RUNNABLE (running in native)
 Total blocked: 0   Total waited: 0
  java.base@11.0.28/java.io.FileInputStream.readBytes(Native Method)
  java.base@11.0.28/java.io.FileInputStream.read(Unknown Source)
  java.base@11.0.28/java.io.BufferedInputStream.read1(Unknown Source)
  java.base@11.0.28/java.io.BufferedInputStream.read(Unknown Source)
  java.base@11.0.28/sun.nio.cs.StreamDecoder.readBytes(Unknown Source)
  java.base@11.0.28/sun.nio.cs.StreamDecoder.implRead(Unknown Source)
  java.base@11.0.28/sun.nio.cs.StreamDecoder.read(Unknown Source)
  java.base@11.0.28/java.io.InputStreamReader.read(Unknown Source)
  java.base@11.0.28/java.io.BufferedReader.fill(Unknown Source)
  java.base@11.0.28/java.io.BufferedReader.readLine(Unknown Source)
  java.base@11.0.28/java.io.BufferedReader.readLine(Unknown Source)
  com.integrien.adapter3.alive.pidstat.PidStatCollectorThread.doRun(PidStatCollectorThread.java:92)
  com.integrien.adapter3.alive.pidstat.PidStatCollectorThread.run(PidStatCollectorThread.java:50)
  app//com.integrien.alive.common.util.BaseThread$BaseThreadRunnable.run(BaseThread.java:177)
  java.base@11.0.28/java.lang.Thread.run(Unknown Source)

"Thread-7" Id=142 in RUNNABLE (running in native)
 Total blocked: 0   Total waited: 0
  java.base@11.0.28/java.io.FileInputStream.readBytes(Native Method)
  java.base@11.0.28/java.io.FileInputStream.read(Unknown Source)
  java.base@11.0.28/java.io.BufferedInputStream.read1(Unknown Source)
  java.base@11.0.28/java.io.BufferedInputStream.read(Unknown Source)
  java.base@11.0.28/sun.nio.cs.StreamDecoder.readBytes(Unknown Source)
  java.base@11.0.28/sun.nio.cs.StreamDecoder.implRead(Unknown Source)
  java.base@11.0.28/sun.nio.cs.StreamDecoder.read(Unknown Source)
  java.base@11.0.28/java.io.InputStreamReader.read(Unknown Source)
  java.base@11.0.28/java.io.BufferedReader.fill(Unknown Source)
  java.base@11.0.28/java.io.BufferedReader.readLine(Unknown Source)
  java.base@11.0.28/java.io.BufferedReader.readLine(Unknown Source)
  com.integrien.adapter3.alive.pidstat.PidStatCollectorThread.doRun(PidStatCollectorThread.java:92)
  com.integrien.adapter3.alive.pidstat.PidStatCollectorThread.run(PidStatCollectorThread.java:50)
  app//com.integrien.alive.common.util.BaseThread$BaseThreadRunnable.run(BaseThread.java:177)
  java.base@11.0.28/java.lang.Thread.run(Unknown Source)

"Thread-8" Id=143 in RUNNABLE (running in native)
 Total blocked: 0   Total waited: 0
  java.base@11.0.28/java.io.FileInputStream.readBytes(Native Method)
  java.base@11.0.28/java.io.FileInputStream.read(Unknown Source)
  java.base@11.0.28/java.io.BufferedInputStream.read1(Unknown Source)
  java.base@11.0.28/java.io.BufferedInputStream.read(Unknown Source)
  java.base@11.0.28/sun.nio.cs.StreamDecoder.readBytes(Unknown Source)
  java.base@11.0.28/sun.nio.cs.StreamDecoder.implRead(Unknown Source)
  java.base@11.0.28/sun.nio.cs.StreamDecoder.read(Unknown Source)
  java.base@11.0.28/java.io.InputStreamReader.read(Unknown Source)
  java.base@11.0.28/java.io.BufferedReader.fill(Unknown Source)
  java.base@11.0.28/java.io.BufferedReader.readLine(Unknown Source)
  java.base@11.0.28/java.io.BufferedReader.readLine(Unknown Source)
  com.integrien.adapter3.alive.pidstat.PidStatCollectorThread.doRun(PidStatCollectorThread.java:92)
  com.integrien.adapter3.alive.pidstat.PidStatCollectorThread.run(PidStatCollectorThread.java:50)
  app//com.integrien.alive.common.util.BaseThread$BaseThreadRunnable.run(BaseThread.java:177)
  java.base@11.0.28/java.lang.Thread.run(Unknown Source)

"Thread-9" Id=144 in TIMED_WAITING
 Total blocked: 25363   Total waited: 50508
  java.base@11.0.28/java.lang.Thread.sleep(Native Method)
  com.vmware.ops.adapter3.metrics.host.geode.GeodeListeningPortsStatsCollector$GeodeListeningPortsStatsCollectorThread.run(GeodeListeningPortsStatsCollector.java:135)
  app//com.integrien.alive.common.util.BaseThread$BaseThreadRunnable.run(BaseThread.java:177)
  java.base@11.0.28/java.lang.Thread.run(Unknown Source)

"process reaper (pid 23940)" Id=148 in RUNNABLE (running in native)
 Total blocked: 0   Total waited: 0
  java.base@11.0.28/java.lang.ProcessHandleImpl.waitForProcessExit0(Native Method)
  java.base@11.0.28/java.lang.ProcessHandleImpl$1.run(Unknown Source)
  java.base@11.0.28/java.util.concurrent.ThreadPoolExecutor.runWorker(Unknown Source)
  java.base@11.0.28/java.util.concurrent.ThreadPoolExecutor$Worker.run(Unknown Source)
  java.base@11.0.28/java.lang.Thread.run(Unknown Source)

"process reaper (pid 23939)" Id=147 in RUNNABLE (running in native)
 Total blocked: 0   Total waited: 0
  java.base@11.0.28/java.lang.ProcessHandleImpl.waitForProcessExit0(Native Method)
  java.base@11.0.28/java.lang.ProcessHandleImpl$1.run(Unknown Source)
  java.base@11.0.28/java.util.concurrent.ThreadPoolExecutor.runWorker(Unknown Source)
  java.base@11.0.28/java.util.concurrent.ThreadPoolExecutor$Worker.run(Unknown Source)
  java.base@11.0.28/java.lang.Thread.run(Unknown Source)

"Collector worker thread 6" Id=149 in WAITING on lock=java.util.concurrent.locks.AbstractQueuedSynchronizer$ConditionObject@13d969b8
 Total blocked: 784   Total waited: 4226
  java.base@11.0.28/jdk.internal.misc.Unsafe.park(Native Method)
  java.base@11.0.28/java.util.concurrent.locks.LockSupport.park(Unknown Source)
  java.base@11.0.28/java.util.concurrent.locks.AbstractQueuedSynchronizer$ConditionObject.await(Unknown Source)
  java.base@11.0.28/java.util.concurrent.LinkedBlockingQueue.take(Unknown Source)
  java.base@11.0.28/java.util.concurrent.ThreadPoolExecutor.getTask(Unknown Source)
  java.base@11.0.28/java.util.concurrent.ThreadPoolExecutor.runWorker(Unknown Source)
  java.base@11.0.28/java.util.concurrent.ThreadPoolExecutor$Worker.run(Unknown Source)
  java.base@11.0.28/java.lang.Thread.run(Unknown Source)

"Collector worker thread 7" Id=152 in WAITING on lock=java.util.concurrent.locks.AbstractQueuedSynchronizer$ConditionObject@13d969b8
 Total blocked: 1066   Total waited: 4642
  java.base@11.0.28/jdk.internal.misc.Unsafe.park(Native Method)
  java.base@11.0.28/java.util.concurrent.locks.LockSupport.park(Unknown Source)
  java.base@11.0.28/java.util.concurrent.locks.AbstractQueuedSynchronizer$ConditionObject.await(Unknown Source)
  java.base@11.0.28/java.util.concurrent.LinkedBlockingQueue.take(Unknown Source)
  java.base@11.0.28/java.util.concurrent.ThreadPoolExecutor.getTask(Unknown Source)
  java.base@11.0.28/java.util.concurrent.ThreadPoolExecutor.runWorker(Unknown Source)
  java.base@11.0.28/java.util.concurrent.ThreadPoolExecutor$Worker.run(Unknown Source)
  java.base@11.0.28/java.lang.Thread.run(Unknown Source)

"Collector worker thread 8" Id=153 in WAITING on lock=java.util.concurrent.locks.AbstractQueuedSynchronizer$ConditionObject@13d969b8
 Total blocked: 777   Total waited: 4213
  java.base@11.0.28/jdk.internal.misc.Unsafe.park(Native Method)
  java.base@11.0.28/java.util.concurrent.locks.LockSupport.park(Unknown Source)
  java.base@11.0.28/java.util.concurrent.locks.AbstractQueuedSynchronizer$ConditionObject.await(Unknown Source)
  java.base@11.0.28/java.util.concurrent.LinkedBlockingQueue.take(Unknown Source)
  java.base@11.0.28/java.util.concurrent.ThreadPoolExecutor.getTask(Unknown Source)
  java.base@11.0.28/java.util.concurrent.ThreadPoolExecutor.runWorker(Unknown Source)
  java.base@11.0.28/java.util.concurrent.ThreadPoolExecutor$Worker.run(Unknown Source)
  java.base@11.0.28/java.lang.Thread.run(Unknown Source)

"Timer-2" Id=158 in WAITING on lock=java.util.TaskQueue@186fd48d
 Total blocked: 0   Total waited: 1
  java.base@11.0.28/java.lang.Object.wait(Native Method)
  java.base@11.0.28/java.lang.Object.wait(Unknown Source)
  java.base@11.0.28/java.util.TimerThread.mainLoop(Unknown Source)
  java.base@11.0.28/java.util.TimerThread.run(Unknown Source)

"oracle.jdbc.driver.BlockSource.ThreadedCachingBlockSource.BlockReleaser" Id=159 in TIMED_WAITING on lock=oracle.jdbc.driver.BlockSource$ThreadedCachingBlockSource$BlockReleaser@1ee99689
 Total blocked: 0   Total waited: 1686
  java.base@11.0.28/java.lang.Object.wait(Native Method)
  oracle.jdbc.driver.BlockSource$ThreadedCachingBlockSource$BlockReleaser.run(BlockSource.java:331)

"Auto discovery worker thread 1" Id=162 in WAITING on lock=java.util.concurrent.locks.AbstractQueuedSynchronizer$ConditionObject@725bb3af
 Total blocked: 0   Total waited: 1757
  java.base@11.0.28/jdk.internal.misc.Unsafe.park(Native Method)
  java.base@11.0.28/java.util.concurrent.locks.LockSupport.park(Unknown Source)
  java.base@11.0.28/java.util.concurrent.locks.AbstractQueuedSynchronizer$ConditionObject.await(Unknown Source)
  java.base@11.0.28/java.util.concurrent.ArrayBlockingQueue.take(Unknown Source)
  java.base@11.0.28/java.util.concurrent.ThreadPoolExecutor.getTask(Unknown Source)
  java.base@11.0.28/java.util.concurrent.ThreadPoolExecutor.runWorker(Unknown Source)
  java.base@11.0.28/java.util.concurrent.ThreadPoolExecutor$Worker.run(Unknown Source)
  java.base@11.0.28/java.lang.Thread.run(Unknown Source)

"InterruptTimer" Id=169 in TIMED_WAITING on lock=java.util.TaskQueue@4b864159
 Total blocked: 8   Total waited: 505736
  java.base@11.0.28/java.lang.Object.wait(Native Method)
  java.base@11.0.28/java.util.TimerThread.mainLoop(Unknown Source)
  java.base@11.0.28/java.util.TimerThread.run(Unknown Source)

"pool-8-thread-1" Id=181 in WAITING on lock=java.util.concurrent.locks.AbstractQueuedSynchronizer$ConditionObject@1989db7e
 Total blocked: 0   Total waited: 2012
  java.base@11.0.28/jdk.internal.misc.Unsafe.park(Native Method)
  java.base@11.0.28/java.util.concurrent.locks.LockSupport.park(Unknown Source)
  java.base@11.0.28/java.util.concurrent.locks.AbstractQueuedSynchronizer$ConditionObject.await(Unknown Source)
  java.base@11.0.28/java.util.concurrent.ScheduledThreadPoolExecutor$DelayedWorkQueue.take(Unknown Source)
  java.base@11.0.28/java.util.concurrent.ScheduledThreadPoolExecutor$DelayedWorkQueue.take(Unknown Source)
  java.base@11.0.28/java.util.concurrent.ThreadPoolExecutor.getTask(Unknown Source)
  java.base@11.0.28/java.util.concurrent.ThreadPoolExecutor.runWorker(Unknown Source)
  java.base@11.0.28/java.util.concurrent.ThreadPoolExecutor$Worker.run(Unknown Source)
  java.base@11.0.28/java.lang.Thread.run(Unknown Source)

"pool-8-thread-2" Id=182 in RUNNABLE (running in native)
 Total blocked: 0   Total waited: 1008
  java.base@11.0.28/java.io.FileInputStream.readBytes(Native Method)
  java.base@11.0.28/java.io.FileInputStream.read(Unknown Source)
  java.base@11.0.28/java.io.BufferedInputStream.read1(Unknown Source)
  java.base@11.0.28/java.io.BufferedInputStream.read(Unknown Source)
  java.base@11.0.28/sun.nio.cs.StreamDecoder.readBytes(Unknown Source)
  java.base@11.0.28/sun.nio.cs.StreamDecoder.implRead(Unknown Source)
  java.base@11.0.28/sun.nio.cs.StreamDecoder.read(Unknown Source)
  java.base@11.0.28/java.io.InputStreamReader.read(Unknown Source)
  java.base@11.0.28/java.io.BufferedReader.fill(Unknown Source)
  java.base@11.0.28/java.io.BufferedReader.readLine(Unknown Source)
  java.base@11.0.28/java.io.BufferedReader.readLine(Unknown Source)
  com.vmware.ops.adapter3.metrics.host.IoStatCommand.runIoStatCommand(IoStatCommand.java:52)
  com.vmware.ops.adapter3.metrics.host.IoStatCommand.run(IoStatCommand.java:35)
  java.base@11.0.28/java.util.concurrent.Executors$RunnableAdapter.call(Unknown Source)
  java.base@11.0.28/java.util.concurrent.FutureTask.runAndReset(Unknown Source)
  java.base@11.0.28/java.util.concurrent.ScheduledThreadPoolExecutor$ScheduledFutureTask.run(Unknown Source)
  java.base@11.0.28/java.util.concurrent.ThreadPoolExecutor.runWorker(Unknown Source)
  java.base@11.0.28/java.util.concurrent.ThreadPoolExecutor$Worker.run(Unknown Source)
  java.base@11.0.28/java.lang.Thread.run(Unknown Source)

"Collector worker thread 9" Id=207 in WAITING on lock=java.util.concurrent.locks.AbstractQueuedSynchronizer$ConditionObject@13d969b8
 Total blocked: 1145   Total waited: 5306
  java.base@11.0.28/jdk.internal.misc.Unsafe.park(Native Method)
  java.base@11.0.28/java.util.concurrent.locks.LockSupport.park(Unknown Source)
  java.base@11.0.28/java.util.concurrent.locks.AbstractQueuedSynchronizer$ConditionObject.await(Unknown Source)
  java.base@11.0.28/java.util.concurrent.LinkedBlockingQueue.take(Unknown Source)
  java.base@11.0.28/java.util.concurrent.ThreadPoolExecutor.getTask(Unknown Source)
  java.base@11.0.28/java.util.concurrent.ThreadPoolExecutor.runWorker(Unknown Source)
  java.base@11.0.28/java.util.concurrent.ThreadPoolExecutor$Worker.run(Unknown Source)
  java.base@11.0.28/java.lang.Thread.run(Unknown Source)

"Auto discovery worker thread 2" Id=213 in WAITING on lock=java.util.concurrent.locks.AbstractQueuedSynchronizer$ConditionObject@725bb3af
 Total blocked: 0   Total waited: 1757
  java.base@11.0.28/jdk.internal.misc.Unsafe.park(Native Method)
  java.base@11.0.28/java.util.concurrent.locks.LockSupport.park(Unknown Source)
  java.base@11.0.28/java.util.concurrent.locks.AbstractQueuedSynchronizer$ConditionObject.await(Unknown Source)
  java.base@11.0.28/java.util.concurrent.ArrayBlockingQueue.take(Unknown Source)
  java.base@11.0.28/java.util.concurrent.ThreadPoolExecutor.getTask(Unknown Source)
  java.base@11.0.28/java.util.concurrent.ThreadPoolExecutor.runWorker(Unknown Source)
  java.base@11.0.28/java.util.concurrent.ThreadPoolExecutor$Worker.run(Unknown Source)
  java.base@11.0.28/java.lang.Thread.run(Unknown Source)

"Collector worker thread 10" Id=232 in WAITING on lock=java.util.concurrent.locks.AbstractQueuedSynchronizer$ConditionObject@13d969b8
 Total blocked: 992   Total waited: 7435
  java.base@11.0.28/jdk.internal.misc.Unsafe.park(Native Method)
  java.base@11.0.28/java.util.concurrent.locks.LockSupport.park(Unknown Source)
  java.base@11.0.28/java.util.concurrent.locks.AbstractQueuedSynchronizer$ConditionObject.await(Unknown Source)
  java.base@11.0.28/java.util.concurrent.LinkedBlockingQueue.take(Unknown Source)
  java.base@11.0.28/java.util.concurrent.ThreadPoolExecutor.getTask(Unknown Source)
  java.base@11.0.28/java.util.concurrent.ThreadPoolExecutor.runWorker(Unknown Source)
  java.base@11.0.28/java.util.concurrent.ThreadPoolExecutor$Worker.run(Unknown Source)
  java.base@11.0.28/java.lang.Thread.run(Unknown Source)

"Collector worker thread 11" Id=233 in WAITING on lock=java.util.concurrent.locks.AbstractQueuedSynchronizer$ConditionObject@13d969b8
 Total blocked: 780   Total waited: 4327
  java.base@11.0.28/jdk.internal.misc.Unsafe.park(Native Method)
  java.base@11.0.28/java.util.concurrent.locks.LockSupport.park(Unknown Source)
  java.base@11.0.28/java.util.concurrent.locks.AbstractQueuedSynchronizer$ConditionObject.await(Unknown Source)
  java.base@11.0.28/java.util.concurrent.LinkedBlockingQueue.take(Unknown Source)
  java.base@11.0.28/java.util.concurrent.ThreadPoolExecutor.getTask(Unknown Source)
  java.base@11.0.28/java.util.concurrent.ThreadPoolExecutor.runWorker(Unknown Source)
  java.base@11.0.28/java.util.concurrent.ThreadPoolExecutor$Worker.run(Unknown Source)
  java.base@11.0.28/java.lang.Thread.run(Unknown Source)

"Collector worker thread 12" Id=261 in WAITING on lock=java.util.concurrent.locks.AbstractQueuedSynchronizer$ConditionObject@13d969b8
 Total blocked: 763   Total waited: 4926
  java.base@11.0.28/jdk.internal.misc.Unsafe.park(Native Method)
  java.base@11.0.28/java.util.concurrent.locks.LockSupport.park(Unknown Source)
  java.base@11.0.28/java.util.concurrent.locks.AbstractQueuedSynchronizer$ConditionObject.await(Unknown Source)
  java.base@11.0.28/java.util.concurrent.LinkedBlockingQueue.take(Unknown Source)
  java.base@11.0.28/java.util.concurrent.ThreadPoolExecutor.getTask(Unknown Source)
  java.base@11.0.28/java.util.concurrent.ThreadPoolExecutor.runWorker(Unknown Source)
  java.base@11.0.28/java.util.concurrent.ThreadPoolExecutor$Worker.run(Unknown Source)
  java.base@11.0.28/java.lang.Thread.run(Unknown Source)

"Collector worker thread 13" Id=262 in WAITING on lock=java.util.concurrent.locks.AbstractQueuedSynchronizer$ConditionObject@13d969b8
 Total blocked: 853   Total waited: 4359
  java.base@11.0.28/jdk.internal.misc.Unsafe.park(Native Method)
  java.base@11.0.28/java.util.concurrent.locks.LockSupport.park(Unknown Source)
  java.base@11.0.28/java.util.concurrent.locks.AbstractQueuedSynchronizer$ConditionObject.await(Unknown Source)
  java.base@11.0.28/java.util.concurrent.LinkedBlockingQueue.take(Unknown Source)
  java.base@11.0.28/java.util.concurrent.ThreadPoolExecutor.getTask(Unknown Source)
  java.base@11.0.28/java.util.concurrent.ThreadPoolExecutor.runWorker(Unknown Source)
  java.base@11.0.28/java.util.concurrent.ThreadPoolExecutor$Worker.run(Unknown Source)
  java.base@11.0.28/java.lang.Thread.run(Unknown Source)

"Collector worker thread 14" Id=274 in WAITING on lock=java.util.concurrent.locks.AbstractQueuedSynchronizer$ConditionObject@13d969b8
 Total blocked: 903   Total waited: 4755
  java.base@11.0.28/jdk.internal.misc.Unsafe.park(Native Method)
  java.base@11.0.28/java.util.concurrent.locks.LockSupport.park(Unknown Source)
  java.base@11.0.28/java.util.concurrent.locks.AbstractQueuedSynchronizer$ConditionObject.await(Unknown Source)
  java.base@11.0.28/java.util.concurrent.LinkedBlockingQueue.take(Unknown Source)
  java.base@11.0.28/java.util.concurrent.ThreadPoolExecutor.getTask(Unknown Source)
  java.base@11.0.28/java.util.concurrent.ThreadPoolExecutor.runWorker(Unknown Source)
  java.base@11.0.28/java.util.concurrent.ThreadPoolExecutor$Worker.run(Unknown Source)
  java.base@11.0.28/java.lang.Thread.run(Unknown Source)

"Collector worker thread 15" Id=275 in WAITING on lock=java.util.concurrent.locks.AbstractQueuedSynchronizer$ConditionObject@13d969b8
 Total blocked: 850   Total waited: 5068
  java.base@11.0.28/jdk.internal.misc.Unsafe.park(Native Method)
  java.base@11.0.28/java.util.concurrent.locks.LockSupport.park(Unknown Source)
  java.base@11.0.28/java.util.concurrent.locks.AbstractQueuedSynchronizer$ConditionObject.await(Unknown Source)
  java.base@11.0.28/java.util.concurrent.LinkedBlockingQueue.take(Unknown Source)
  java.base@11.0.28/java.util.concurrent.ThreadPoolExecutor.getTask(Unknown Source)
  java.base@11.0.28/java.util.concurrent.ThreadPoolExecutor.runWorker(Unknown Source)
  java.base@11.0.28/java.util.concurrent.ThreadPoolExecutor$Worker.run(Unknown Source)
  java.base@11.0.28/java.lang.Thread.run(Unknown Source)

"Collector worker thread 16" Id=289 in WAITING on lock=java.util.concurrent.locks.AbstractQueuedSynchronizer$ConditionObject@13d969b8
 Total blocked: 868   Total waited: 4295
  java.base@11.0.28/jdk.internal.misc.Unsafe.park(Native Method)
  java.base@11.0.28/java.util.concurrent.locks.LockSupport.park(Unknown Source)
  java.base@11.0.28/java.util.concurrent.locks.AbstractQueuedSynchronizer$ConditionObject.await(Unknown Source)
  java.base@11.0.28/java.util.concurrent.LinkedBlockingQueue.take(Unknown Source)
  java.base@11.0.28/java.util.concurrent.ThreadPoolExecutor.getTask(Unknown Source)
  java.base@11.0.28/java.util.concurrent.ThreadPoolExecutor.runWorker(Unknown Source)
  java.base@11.0.28/java.util.concurrent.ThreadPoolExecutor$Worker.run(Unknown Source)
  java.base@11.0.28/java.lang.Thread.run(Unknown Source)

"Collector worker thread 17" Id=290 in WAITING on lock=java.util.concurrent.locks.AbstractQueuedSynchronizer$ConditionObject@13d969b8
 Total blocked: 864   Total waited: 4034
  java.base@11.0.28/jdk.internal.misc.Unsafe.park(Native Method)
  java.base@11.0.28/java.util.concurrent.locks.LockSupport.park(Unknown Source)
  java.base@11.0.28/java.util.concurrent.locks.AbstractQueuedSynchronizer$ConditionObject.await(Unknown Source)
  java.base@11.0.28/java.util.concurrent.LinkedBlockingQueue.take(Unknown Source)
  java.base@11.0.28/java.util.concurrent.ThreadPoolExecutor.getTask(Unknown Source)
  java.base@11.0.28/java.util.concurrent.ThreadPoolExecutor.runWorker(Unknown Source)
  java.base@11.0.28/java.util.concurrent.ThreadPoolExecutor$Worker.run(Unknown Source)
  java.base@11.0.28/java.lang.Thread.run(Unknown Source)

"pool-8-thread-3" Id=296 in TIMED_WAITING on lock=java.util.concurrent.locks.AbstractQueuedSynchronizer$ConditionObject@1989db7e
 Total blocked: 1   Total waited: 1765
  java.base@11.0.28/jdk.internal.misc.Unsafe.park(Native Method)
  java.base@11.0.28/java.util.concurrent.locks.LockSupport.parkNanos(Unknown Source)
  java.base@11.0.28/java.util.concurrent.locks.AbstractQueuedSynchronizer$ConditionObject.awaitNanos(Unknown Source)
  java.base@11.0.28/java.util.concurrent.ScheduledThreadPoolExecutor$DelayedWorkQueue.take(Unknown Source)
  java.base@11.0.28/java.util.concurrent.ScheduledThreadPoolExecutor$DelayedWorkQueue.take(Unknown Source)
  java.base@11.0.28/java.util.concurrent.ThreadPoolExecutor.getTask(Unknown Source)
  java.base@11.0.28/java.util.concurrent.ThreadPoolExecutor.runWorker(Unknown Source)
  java.base@11.0.28/java.util.concurrent.ThreadPoolExecutor$Worker.run(Unknown Source)
  java.base@11.0.28/java.lang.Thread.run(Unknown Source)

"Collector worker thread 18" Id=308 in WAITING on lock=java.util.concurrent.locks.AbstractQueuedSynchronizer$ConditionObject@13d969b8
 Total blocked: 922   Total waited: 5407
  java.base@11.0.28/jdk.internal.misc.Unsafe.park(Native Method)
  java.base@11.0.28/java.util.concurrent.locks.LockSupport.park(Unknown Source)
  java.base@11.0.28/java.util.concurrent.locks.AbstractQueuedSynchronizer$ConditionObject.await(Unknown Source)
  java.base@11.0.28/java.util.concurrent.LinkedBlockingQueue.take(Unknown Source)
  java.base@11.0.28/java.util.concurrent.ThreadPoolExecutor.getTask(Unknown Source)
  java.base@11.0.28/java.util.concurrent.ThreadPoolExecutor.runWorker(Unknown Source)
  java.base@11.0.28/java.util.concurrent.ThreadPoolExecutor$Worker.run(Unknown Source)
  java.base@11.0.28/java.lang.Thread.run(Unknown Source)

"Collector worker thread 19" Id=309 in WAITING on lock=java.util.concurrent.locks.AbstractQueuedSynchronizer$ConditionObject@13d969b8
 Total blocked: 811   Total waited: 4315
  java.base@11.0.28/jdk.internal.misc.Unsafe.park(Native Method)
  java.base@11.0.28/java.util.concurrent.locks.LockSupport.park(Unknown Source)
  java.base@11.0.28/java.util.concurrent.locks.AbstractQueuedSynchronizer$ConditionObject.await(Unknown Source)
  java.base@11.0.28/java.util.concurrent.LinkedBlockingQueue.take(Unknown Source)
  java.base@11.0.28/java.util.concurrent.ThreadPoolExecutor.getTask(Unknown Source)
  java.base@11.0.28/java.util.concurrent.ThreadPoolExecutor.runWorker(Unknown Source)
  java.base@11.0.28/java.util.concurrent.ThreadPoolExecutor$Worker.run(Unknown Source)
  java.base@11.0.28/java.lang.Thread.run(Unknown Source)

"Collector worker thread 20" Id=310 in WAITING on lock=java.util.concurrent.locks.AbstractQueuedSynchronizer$ConditionObject@13d969b8
 Total blocked: 831   Total waited: 4598
  java.base@11.0.28/jdk.internal.misc.Unsafe.park(Native Method)
  java.base@11.0.28/java.util.concurrent.locks.LockSupport.park(Unknown Source)
  java.base@11.0.28/java.util.concurrent.locks.AbstractQueuedSynchronizer$ConditionObject.await(Unknown Source)
  java.base@11.0.28/java.util.concurrent.LinkedBlockingQueue.take(Unknown Source)
  java.base@11.0.28/java.util.concurrent.ThreadPoolExecutor.getTask(Unknown Source)
  java.base@11.0.28/java.util.concurrent.ThreadPoolExecutor.runWorker(Unknown Source)
  java.base@11.0.28/java.util.concurrent.ThreadPoolExecutor$Worker.run(Unknown Source)
  java.base@11.0.28/java.lang.Thread.run(Unknown Source)

"Collector worker thread 21" Id=311 in WAITING on lock=java.util.concurrent.locks.AbstractQueuedSynchronizer$ConditionObject@13d969b8
 Total blocked: 875   Total waited: 4022
  java.base@11.0.28/jdk.internal.misc.Unsafe.park(Native Method)
  java.base@11.0.28/java.util.concurrent.locks.LockSupport.park(Unknown Source)
  java.base@11.0.28/java.util.concurrent.locks.AbstractQueuedSynchronizer$ConditionObject.await(Unknown Source)
  java.base@11.0.28/java.util.concurrent.LinkedBlockingQueue.take(Unknown Source)
  java.base@11.0.28/java.util.concurrent.ThreadPoolExecutor.getTask(Unknown Source)
  java.base@11.0.28/java.util.concurrent.ThreadPoolExecutor.runWorker(Unknown Source)
  java.base@11.0.28/java.util.concurrent.ThreadPoolExecutor$Worker.run(Unknown Source)
  java.base@11.0.28/java.lang.Thread.run(Unknown Source)

"Collector worker thread 22" Id=314 in WAITING on lock=java.util.concurrent.locks.AbstractQueuedSynchronizer$ConditionObject@13d969b8
 Total blocked: 1001   Total waited: 5866
  java.base@11.0.28/jdk.internal.misc.Unsafe.park(Native Method)
  java.base@11.0.28/java.util.concurrent.locks.LockSupport.park(Unknown Source)
  java.base@11.0.28/java.util.concurrent.locks.AbstractQueuedSynchronizer$ConditionObject.await(Unknown Source)
  java.base@11.0.28/java.util.concurrent.LinkedBlockingQueue.take(Unknown Source)
  java.base@11.0.28/java.util.concurrent.ThreadPoolExecutor.getTask(Unknown Source)
  java.base@11.0.28/java.util.concurrent.ThreadPoolExecutor.runWorker(Unknown Source)
  java.base@11.0.28/java.util.concurrent.ThreadPoolExecutor$Worker.run(Unknown Source)
  java.base@11.0.28/java.lang.Thread.run(Unknown Source)

"Collector worker thread 23" Id=344 in WAITING on lock=java.util.concurrent.locks.AbstractQueuedSynchronizer$ConditionObject@13d969b8
 Total blocked: 891   Total waited: 5750
  java.base@11.0.28/jdk.internal.misc.Unsafe.park(Native Method)
  java.base@11.0.28/java.util.concurrent.locks.LockSupport.park(Unknown Source)
  java.base@11.0.28/java.util.concurrent.locks.AbstractQueuedSynchronizer$ConditionObject.await(Unknown Source)
  java.base@11.0.28/java.util.concurrent.LinkedBlockingQueue.take(Unknown Source)
  java.base@11.0.28/java.util.concurrent.ThreadPoolExecutor.getTask(Unknown Source)
  java.base@11.0.28/java.util.concurrent.ThreadPoolExecutor.runWorker(Unknown Source)
  java.base@11.0.28/java.util.concurrent.ThreadPoolExecutor$Worker.run(Unknown Source)
  java.base@11.0.28/java.lang.Thread.run(Unknown Source)

"Collector worker thread 24" Id=364 in WAITING on lock=java.util.concurrent.locks.AbstractQueuedSynchronizer$ConditionObject@13d969b8
 Total blocked: 908   Total waited: 4726
  java.base@11.0.28/jdk.internal.misc.Unsafe.park(Native Method)
  java.base@11.0.28/java.util.concurrent.locks.LockSupport.park(Unknown Source)
  java.base@11.0.28/java.util.concurrent.locks.AbstractQueuedSynchronizer$ConditionObject.await(Unknown Source)
  java.base@11.0.28/java.util.concurrent.LinkedBlockingQueue.take(Unknown Source)
  java.base@11.0.28/java.util.concurrent.ThreadPoolExecutor.getTask(Unknown Source)
  java.base@11.0.28/java.util.concurrent.ThreadPoolExecutor.runWorker(Unknown Source)
  java.base@11.0.28/java.util.concurrent.ThreadPoolExecutor$Worker.run(Unknown Source)
  java.base@11.0.28/java.lang.Thread.run(Unknown Source)

"Collector worker thread 25" Id=365 in WAITING on lock=java.util.concurrent.locks.AbstractQueuedSynchronizer$ConditionObject@13d969b8
 Total blocked: 854   Total waited: 5381
  java.base@11.0.28/jdk.internal.misc.Unsafe.park(Native Method)
  java.base@11.0.28/java.util.concurrent.locks.LockSupport.park(Unknown Source)
  java.base@11.0.28/java.util.concurrent.locks.AbstractQueuedSynchronizer$ConditionObject.await(Unknown Source)
  java.base@11.0.28/java.util.concurrent.LinkedBlockingQueue.take(Unknown Source)
  java.base@11.0.28/java.util.concurrent.ThreadPoolExecutor.getTask(Unknown Source)
  java.base@11.0.28/java.util.concurrent.ThreadPoolExecutor.runWorker(Unknown Source)
  java.base@11.0.28/java.util.concurrent.ThreadPoolExecutor$Worker.run(Unknown Source)
  java.base@11.0.28/java.lang.Thread.run(Unknown Source)

"pool-8-thread-4" Id=367 in WAITING on lock=java.util.concurrent.locks.AbstractQueuedSynchronizer$ConditionObject@1989db7e
 Total blocked: 0   Total waited: 1995
  java.base@11.0.28/jdk.internal.misc.Unsafe.park(Native Method)
  java.base@11.0.28/java.util.concurrent.locks.LockSupport.park(Unknown Source)
  java.base@11.0.28/java.util.concurrent.locks.AbstractQueuedSynchronizer$ConditionObject.await(Unknown Source)
  java.base@11.0.28/java.util.concurrent.ScheduledThreadPoolExecutor$DelayedWorkQueue.take(Unknown Source)
  java.base@11.0.28/java.util.concurrent.ScheduledThreadPoolExecutor$DelayedWorkQueue.take(Unknown Source)
  java.base@11.0.28/java.util.concurrent.ThreadPoolExecutor.getTask(Unknown Source)
  java.base@11.0.28/java.util.concurrent.ThreadPoolExecutor.runWorker(Unknown Source)
  java.base@11.0.28/java.util.concurrent.ThreadPoolExecutor$Worker.run(Unknown Source)
  java.base@11.0.28/java.lang.Thread.run(Unknown Source)

"process reaper (pid 1414026)" Id=143729 in RUNNABLE (running in native)
 Total blocked: 0   Total waited: 1554
  java.base@11.0.28/java.lang.ProcessHandleImpl.waitForProcessExit0(Native Method)
  java.base@11.0.28/java.lang.ProcessHandleImpl$1.run(Unknown Source)
  java.base@11.0.28/java.util.concurrent.ThreadPoolExecutor.runWorker(Unknown Source)
  java.base@11.0.28/java.util.concurrent.ThreadPoolExecutor$Worker.run(Unknown Source)
  java.base@11.0.28/java.lang.Thread.run(Unknown Source)

"process reaper" Id=168983 in TIMED_WAITING on lock=java.util.concurrent.SynchronousQueue$TransferStack@528a9158
 Total blocked: 0   Total waited: 1018
  java.base@11.0.28/jdk.internal.misc.Unsafe.park(Native Method)
  java.base@11.0.28/java.util.concurrent.locks.LockSupport.parkNanos(Unknown Source)
  java.base@11.0.28/java.util.concurrent.SynchronousQueue$TransferStack.awaitFulfill(Unknown Source)
  java.base@11.0.28/java.util.concurrent.SynchronousQueue$TransferStack.transfer(Unknown Source)
  java.base@11.0.28/java.util.concurrent.SynchronousQueue.poll(Unknown Source)
  java.base@11.0.28/java.util.concurrent.ThreadPoolExecutor.getTask(Unknown Source)
  java.base@11.0.28/java.util.concurrent.ThreadPoolExecutor.runWorker(Unknown Source)
  java.base@11.0.28/java.util.concurrent.ThreadPoolExecutor$Worker.run(Unknown Source)
  java.base@11.0.28/java.lang.Thread.run(Unknown Source)

"Thread-11804" Id=173402 in TIMED_WAITING
 Total blocked: 0   Total waited: 1
  java.base@11.0.28/java.lang.Thread.sleep(Native Method)
  com.vmware.ops.adapter3.metrics.host.subprocess.GeneralCommand$GeneralCommandMonitor.run(GeneralCommand.java:295)
  java.base@11.0.28/java.lang.Thread.run(Unknown Source)

"Thread-11807" Id=173405 in TIMED_WAITING
 Total blocked: 0   Total waited: 1
  java.base@11.0.28/java.lang.Thread.sleep(Native Method)
  com.vmware.ops.adapter3.metrics.host.subprocess.GeneralCommand$GeneralCommandMonitor.run(GeneralCommand.java:295)
  java.base@11.0.28/java.lang.Thread.run(Unknown Source)

"poolTimer-CollectorControllerPool-17669" Id=173468 in TIMED_WAITING on lock=java.util.concurrent.SynchronousQueue$TransferStack@42213de1
 Total blocked: 0   Total waited: 1876
  java.base@11.0.28/jdk.internal.misc.Unsafe.park(Native Method)
  java.base@11.0.28/java.util.concurrent.locks.LockSupport.parkNanos(Unknown Source)
  java.base@11.0.28/java.util.concurrent.SynchronousQueue$TransferStack.awaitFulfill(Unknown Source)
  java.base@11.0.28/java.util.concurrent.SynchronousQueue$TransferStack.transfer(Unknown Source)
  java.base@11.0.28/java.util.concurrent.SynchronousQueue.poll(Unknown Source)
  java.base@11.0.28/java.util.concurrent.ThreadPoolExecutor.getTask(Unknown Source)
  java.base@11.0.28/java.util.concurrent.ThreadPoolExecutor.runWorker(Unknown Source)
  java.base@11.0.28/java.util.concurrent.ThreadPoolExecutor$Worker.run(Unknown Source)
  java.base@11.0.28/java.lang.Thread.run(Unknown Source)

"RMI RenewClean-[214.73.76.148:41629,javax.rmi.ssl.SslRMIClientSocketFactory@3b0143d3]" Id=173486 in TIMED_WAITING on lock=java.lang.ref.ReferenceQueue$Lock@5adc7479
 Total blocked: 2   Total waited: 4
  java.base@11.0.28/java.lang.Object.wait(Native Method)
  java.base@11.0.28/java.lang.ref.ReferenceQueue.remove(Unknown Source)
  java.rmi@11.0.28/sun.rmi.transport.DGCClient$EndpointEntry$RenewCleanThread.run(Unknown Source)
  java.base@11.0.28/java.lang.Thread.run(Unknown Source)

"RMI RenewClean-[214.73.76.148:34425,javax.rmi.ssl.SslRMIClientSocketFactory@3b0143d3]" Id=173496 in TIMED_WAITING on lock=java.lang.ref.ReferenceQueue$Lock@6b436049
 Total blocked: 2   Total waited: 4
  java.base@11.0.28/java.lang.Object.wait(Native Method)
  java.base@11.0.28/java.lang.ref.ReferenceQueue.remove(Unknown Source)
  java.rmi@11.0.28/sun.rmi.transport.DGCClient$EndpointEntry$RenewCleanThread.run(Unknown Source)
  java.base@11.0.28/java.lang.Thread.run(Unknown Source)

"RMI RenewClean-[214.73.76.148:38583,javax.rmi.ssl.SslRMIClientSocketFactory@3b0143d3]" Id=173502 in TIMED_WAITING on lock=java.lang.ref.ReferenceQueue$Lock@43751a8b
 Total blocked: 1   Total waited: 3
  java.base@11.0.28/java.lang.Object.wait(Native Method)
  java.base@11.0.28/java.lang.ref.ReferenceQueue.remove(Unknown Source)
  java.rmi@11.0.28/sun.rmi.transport.DGCClient$EndpointEntry$RenewCleanThread.run(Unknown Source)
  java.base@11.0.28/java.lang.Thread.run(Unknown Source)

"Thread-11810" Id=173510 in TIMED_WAITING
 Total blocked: 0   Total waited: 1
  java.base@11.0.28/java.lang.Thread.sleep(Native Method)
  com.vmware.ops.adapter3.metrics.host.subprocess.GeneralCommand$GeneralCommandMonitor.run(GeneralCommand.java:295)
  java.base@11.0.28/java.lang.Thread.run(Unknown Source)

"Thread-11813" Id=173513 in TIMED_WAITING
 Total blocked: 0   Total waited: 1
  java.base@11.0.28/java.lang.Thread.sleep(Native Method)
  com.vmware.ops.adapter3.metrics.host.subprocess.GeneralCommand$GeneralCommandMonitor.run(GeneralCommand.java:295)
  java.base@11.0.28/java.lang.Thread.run(Unknown Source)

"RMI TCP Connection(idle)" Id=173522 in TIMED_WAITING on lock=java.util.concurrent.SynchronousQueue$TransferStack@3b542075
 Total blocked: 0   Total waited: 2
  java.base@11.0.28/jdk.internal.misc.Unsafe.park(Native Method)
  java.base@11.0.28/java.util.concurrent.locks.LockSupport.parkNanos(Unknown Source)
  java.base@11.0.28/java.util.concurrent.SynchronousQueue$TransferStack.awaitFulfill(Unknown Source)
  java.base@11.0.28/java.util.concurrent.SynchronousQueue$TransferStack.transfer(Unknown Source)
  java.base@11.0.28/java.util.concurrent.SynchronousQueue.poll(Unknown Source)
  java.base@11.0.28/java.util.concurrent.ThreadPoolExecutor.getTask(Unknown Source)
  java.base@11.0.28/java.util.concurrent.ThreadPoolExecutor.runWorker(Unknown Source)
  java.base@11.0.28/java.util.concurrent.ThreadPoolExecutor$Worker.run(Unknown Source)
  java.base@11.0.28/java.lang.Thread.run(Unknown Source)

No deadlock found.

Thread count: 99
