2026-04-28T19:03:27 WARNING [1369244] - vc_ops_logging.logWarning:276 - Failed to find a value for: "Custom replacement for the VMware native Azure management pack. Collects resource attributes, metrics, and cost data from Azure Government and Commercial Cloud. Monitors 18 resource types with native pak key compatibility for seamless dashboard migration.", exception: No option 'custom replacement for the vmware native azure management pack. collects resource attributes, metrics, and cost data from azure government and commercial cloud. monitors 18 resource types with native pak key compatibility for seamless dashboard migration.' in section: 'no-section', setting default value to: Custom replacement for the VMware native Azure management pack. Collects resource attributes, metrics, and cost data from Azure Government and Commercial Cloud. Monitors 18 resource types with native pak key compatibility for seamless dashboard migration.
2026-04-28T19:03:27 WARNING [1369244] - vc_ops_logging.logWarning:276 - Failed to find a value for: "Microsoft Azure Cloud DLA Custom", exception: No option 'microsoft azure cloud dla custom' in section: 'no-section', setting default value to: Microsoft Azure Cloud DLA Custom
2026-04-28T19:03:27 WARNING [1369244] - vc_ops_logging.logWarning:276 - Failed to find a value for: "DLA", exception: No option 'dla' in section: 'no-section', setting default value to: DLA
2026-04-28T19:03:28 DEBUG [1369244] - vcopsPakManager.checkResponse:3306 - Response body: {"taskId":"47cd6b52-dd64-4e33-bb07-44357428620b","description":"Distributed Task Execution for SOLUTION_INSTALL","taskState":"RUNNING","createdTime":1777403007898,"lastUpdateTime":1777403007898,"errorMessages":[],"links":[{"href":"/suite-api/api/tasks/47cd6b52-dd64-4e33-bb07-44357428620b","rel":"SELF"}]}
2026-04-28T19:03:28 DEBUG [1369244] - vcopsPakManager.checkResponse:3306 - Response body: {"taskId":"47cd6b52-dd64-4e33-bb07-44357428620b","description":"Distributed Task Execution for SOLUTION_INSTALL","taskState":"ERROR","createdTime":1777403007898,"lastUpdateTime":1777403008136,"errorMessages":[],"links":[{"href":"/suite-api/api/tasks/47cd6b52-dd64-4e33-bb07-44357428620b","rel":"SELF"}]}
2026-04-28T19:03:28 DEBUG [1369244] - vcopsPakManager.waitForTaskToComplete:3341 - Task state: ERROR for URL: https://localhost/suite-api/api/tasks/47cd6b52-dd64-4e33-bb07-44357428620b
2026-04-28T19:03:28 ERROR [1369244] - vcopsPakManager.waitForTaskToComplete:3359 - job: https://localhost/suite-api/api/tasks/47cd6b52-dd64-4e33-bb07-44357428620b failed with state: ERROR after: 0.0 seconds
2026-04-28T19:03:28 DEBUG [1369244] - vcopsPakManager.installSolution:3450 - The solution file: /storage/db/casa/pak/dist_pak_files/VA_LINUX/MicrosoftAzureAdapter-8192.pak failed to install, exiting
2026-04-28T19:03:28 DEBUG [1369244] - vcopsPakManager.HandleError:610 - Resource result is set
2026-04-28T19:03:28 DEBUG [1369244] - vcopsPakManager.UpdateResultsFile:531 - Entering update the results file with the result: "Failed to install solution", exit code: "1", action: "apply_adapter"
2026-04-28T19:03:28 DEBUG [1369244] - vcopsPakManager.UpdateResultsFile:545 - Updating the results file action: apply_adapter with the value: Failed to install solution
2026-04-28T19:03:28 DEBUG [1369244] - vcopsPakManager.UpdateResultsFile:572 - Skip updating the action error log file
2026-04-28T19:03:28 DEBUG [1369244] - vcopsPakManager.HandleError:618 - Showing resource result info
2026-04-28T19:03:28 DEBUG [1369244] - vc_ops_logging.logDebug:266 - Key: "pak_manager.adapter_install_failed" value is: "Adapter install failed"
2026-04-28T19:03:28 ERROR [1369244] - vcopsPakManager.HandleError:630 - Exiting with exit code: 1, message: The solution file: /storage/db/casa/pak/dist_pak_files/VA_LINUX/MicrosoftAzureAdapter-8192.pak failed to install, exiting--exiting
2026-04-28T19:26:03 WARNING [1423087] - vc_ops_logging.logWarning:276 - Failed to find a value for: "Custom replacement for the VMware native Azure management pack. Collects resource attributes, metrics, and cost data from Azure Government and Commercial Cloud. Monitors 18 resource types with native pak key compatibility for seamless dashboard migration.", exception: No option 'custom replacement for the vmware native azure management pack. collects resource attributes, metrics, and cost data from azure government and commercial cloud. monitors 18 resource types with native pak key compatibility for seamless dashboard migration.' in section: 'no-section', setting default value to: Custom replacement for the VMware native Azure management pack. Collects resource attributes, metrics, and cost data from Azure Government and Commercial Cloud. Monitors 18 resource types with native pak key compatibility for seamless dashboard migration.
2026-04-28T19:26:03 WARNING [1423087] - vc_ops_logging.logWarning:276 - Failed to find a value for: "Microsoft Azure Cloud DLA Custom", exception: No option 'microsoft azure cloud dla custom' in section: 'no-section', setting default value to: Microsoft Azure Cloud DLA Custom
2026-04-28T19:26:03 WARNING [1423087] - vc_ops_logging.logWarning:276 - Failed to find a value for: "DLA", exception: No option 'dla' in section: 'no-section', setting default value to: DLA
2026-04-28T19:26:04 DEBUG [1423087] - vcopsPakManager.checkResponse:3306 - Response body: {"taskId":"977741b6-8f7e-4bfe-9587-80f8a5ee1ffb","description":"Distributed Task Execution for SOLUTION_INSTALL","taskState":"RUNNING","createdTime":1777404363964,"lastUpdateTime":1777404363964,"errorMessages":[],"links":[{"href":"/suite-api/api/tasks/977741b6-8f7e-4bfe-9587-80f8a5ee1ffb","rel":"SELF"}]}
2026-04-28T19:26:04 DEBUG [1423087] - vcopsPakManager.checkResponse:3306 - Response body: {"taskId":"977741b6-8f7e-4bfe-9587-80f8a5ee1ffb","description":"Distributed Task Execution for SOLUTION_INSTALL","taskState":"ERROR","createdTime":1777404363964,"lastUpdateTime":1777404364155,"errorMessages":[],"links":[{"href":"/suite-api/api/tasks/977741b6-8f7e-4bfe-9587-80f8a5ee1ffb","rel":"SELF"}]}
2026-04-28T19:26:04 DEBUG [1423087] - vcopsPakManager.waitForTaskToComplete:3341 - Task state: ERROR for URL: https://localhost/suite-api/api/tasks/977741b6-8f7e-4bfe-9587-80f8a5ee1ffb
2026-04-28T19:26:04 ERROR [1423087] - vcopsPakManager.waitForTaskToComplete:3359 - job: https://localhost/suite-api/api/tasks/977741b6-8f7e-4bfe-9587-80f8a5ee1ffb failed with state: ERROR after: 0.0 seconds
2026-04-28T19:26:04 DEBUG [1423087] - vcopsPakManager.installSolution:3450 - The solution file: /storage/db/casa/pak/dist_pak_files/VA_LINUX/MicrosoftAzureAdapter-8192.pak failed to install, exiting
2026-04-28T19:26:04 DEBUG [1423087] - vcopsPakManager.HandleError:610 - Resource result is set
2026-04-28T19:26:04 DEBUG [1423087] - vcopsPakManager.UpdateResultsFile:531 - Entering update the results file with the result: "Failed to install solution", exit code: "1", action: "apply_adapter"
2026-04-28T19:26:04 DEBUG [1423087] - vcopsPakManager.UpdateResultsFile:545 - Updating the results file action: apply_adapter with the value: Failed to install solution
2026-04-28T19:26:04 DEBUG [1423087] - vcopsPakManager.UpdateResultsFile:572 - Skip updating the action error log file
2026-04-28T19:26:04 DEBUG [1423087] - vcopsPakManager.HandleError:618 - Showing resource result info
2026-04-28T19:26:04 DEBUG [1423087] - vc_ops_logging.logDebug:266 - Key: "pak_manager.adapter_install_failed" value is: "Adapter install failed"
2026-04-28T19:26:04 ERROR [1423087] - vcopsPakManager.HandleError:630 - Exiting with exit code: 1, message: The solution file: /storage/db/casa/pak/dist_pak_files/VA_LINUX/MicrosoftAzureAdapter-8192.pak failed to install, exiting--exiting
